<?xml version="1.0" encoding="UTF-8"?>
<testsuite xmlns:xsi="http://www.w3.org/2001/XMLSchema-instance" xsi:noNamespaceSchemaLocation="https://maven.apache.org/surefire/maven-surefire-plugin/xsd/surefire-test-report.xsd" name="com.RayCaster.src.AppTest" time="0.028" tests="1" errors="0" skipped="0" failures="0">
  <properties>
    <property name="java.specification.version" value="14"/>
    <property name="sun.cpu.isalist" value="amd64"/>
    <property name="sun.jnu.encoding" value="Cp1252"/>
    <property name="java.class.path" value="C:\Users\sebastian\Desktop\programming\Java\My_RayCaster\target\test-classes;C:\Users\sebastian\Desktop\programming\Java\My_RayCaster\target\classes;C:\Users\sebastian\.m2\repository\junit\junit\4.11\junit-4.11.jar;C:\Users\sebastian\.m2\repository\org\hamcrest\hamcrest-core\1.3\hamcrest-core-1.3.jar;C:\Users\sebastian\.m2\repository\org\lwjgl\lwjgl\3.2.3\lwjgl-3.2.3.jar;C:\Users\sebastian\.m2\repository\org\lwjgl\lwjgl-assimp\3.2.3\lwjgl-assimp-3.2.3.jar;C:\Users\sebastian\.m2\repository\org\lwjgl\lwjgl-bgfx\3.2.3\lwjgl-bgfx-3.2.3.jar;C:\Users\sebastian\.m2\repository\org\lwjgl\lwjgl-cuda\3.2.3\lwjgl-cuda-3.2.3.jar;C:\Users\sebastian\.m2\repository\org\lwjgl\lwjgl-egl\3.2.3\lwjgl-egl-3.2.3.jar;C:\Users\sebastian\.m2\repository\org\lwjgl\lwjgl-glfw\3.2.3\lwjgl-glfw-3.2.3.jar;C:\Users\sebastian\.m2\repository\org\lwjgl\lwjgl-jawt\3.2.3\lwjgl-jawt-3.2.3.jar;C:\Users\sebastian\.m2\repository\org\lwjgl\lwjgl-jemalloc\3.2.3\lwjgl-jemalloc-3.2.3.jar;C:\Users\sebastian\.m2\repository\org\lwjgl\lwjgl-libdivide\3.2.3\lwjgl-libdivide-3.2.3.jar;C:\Users\sebastian\.m2\repository\org\lwjgl\lwjgl-llvm\3.2.3\lwjgl-llvm-3.2.3.jar;C:\Users\sebastian\.m2\repository\org\lwjgl\lwjgl-lmdb\3.2.3\lwjgl-lmdb-3.2.3.jar;C:\Users\sebastian\.m2\repository\org\lwjgl\lwjgl-lz4\3.2.3\lwjgl-lz4-3.2.3.jar;C:\Users\sebastian\.m2\repository\org\lwjgl\lwjgl-meow\3.2.3\lwjgl-meow-3.2.3.jar;C:\Users\sebastian\.m2\repository\org\lwjgl\lwjgl-nanovg\3.2.3\lwjgl-nanovg-3.2.3.jar;C:\Users\sebastian\.m2\repository\org\lwjgl\lwjgl-nfd\3.2.3\lwjgl-nfd-3.2.3.jar;C:\Users\sebastian\.m2\repository\org\lwjgl\lwjgl-nuklear\3.2.3\lwjgl-nuklear-3.2.3.jar;C:\Users\sebastian\.m2\repository\org\lwjgl\lwjgl-odbc\3.2.3\lwjgl-odbc-3.2.3.jar;C:\Users\sebastian\.m2\repository\org\lwjgl\lwjgl-openal\3.2.3\lwjgl-openal-3.2.3.jar;C:\Users\sebastian\.m2\repository\org\lwjgl\lwjgl-opencl\3.2.3\lwjgl-opencl-3.2.3.jar;C:\Users\sebastian\.m2\repository\org\lwjgl\lwjgl-opengl\3.2.3\lwjgl-opengl-3.2.3.jar;C:\Users\sebastian\.m2\repository\org\lwjgl\lwjgl-opengles\3.2.3\lwjgl-opengles-3.2.3.jar;C:\Users\sebastian\.m2\repository\org\lwjgl\lwjgl-openvr\3.2.3\lwjgl-openvr-3.2.3.jar;C:\Users\sebastian\.m2\repository\org\lwjgl\lwjgl-opus\3.2.3\lwjgl-opus-3.2.3.jar;C:\Users\sebastian\.m2\repository\org\lwjgl\lwjgl-ovr\3.2.3\lwjgl-ovr-3.2.3.jar;C:\Users\sebastian\.m2\repository\org\lwjgl\lwjgl-par\3.2.3\lwjgl-par-3.2.3.jar;C:\Users\sebastian\.m2\repository\org\lwjgl\lwjgl-remotery\3.2.3\lwjgl-remotery-3.2.3.jar;C:\Users\sebastian\.m2\repository\org\lwjgl\lwjgl-rpmalloc\3.2.3\lwjgl-rpmalloc-3.2.3.jar;C:\Users\sebastian\.m2\repository\org\lwjgl\lwjgl-shaderc\3.2.3\lwjgl-shaderc-3.2.3.jar;C:\Users\sebastian\.m2\repository\org\lwjgl\lwjgl-sse\3.2.3\lwjgl-sse-3.2.3.jar;C:\Users\sebastian\.m2\repository\org\lwjgl\lwjgl-stb\3.2.3\lwjgl-stb-3.2.3.jar;C:\Users\sebastian\.m2\repository\org\lwjgl\lwjgl-tinyexr\3.2.3\lwjgl-tinyexr-3.2.3.jar;C:\Users\sebastian\.m2\repository\org\lwjgl\lwjgl-tinyfd\3.2.3\lwjgl-tinyfd-3.2.3.jar;C:\Users\sebastian\.m2\repository\org\lwjgl\lwjgl-tootle\3.2.3\lwjgl-tootle-3.2.3.jar;C:\Users\sebastian\.m2\repository\org\lwjgl\lwjgl-vma\3.2.3\lwjgl-vma-3.2.3.jar;C:\Users\sebastian\.m2\repository\org\lwjgl\lwjgl-vulkan\3.2.3\lwjgl-vulkan-3.2.3.jar;C:\Users\sebastian\.m2\repository\org\lwjgl\lwjgl-xxhash\3.2.3\lwjgl-xxhash-3.2.3.jar;C:\Users\sebastian\.m2\repository\org\lwjgl\lwjgl-yoga\3.2.3\lwjgl-yoga-3.2.3.jar;C:\Users\sebastian\.m2\repository\org\lwjgl\lwjgl-zstd\3.2.3\lwjgl-zstd-3.2.3.jar;C:\Users\sebastian\.m2\repository\org\lwjgl\lwjgl\3.2.3\lwjgl-3.2.3-natives-windows.jar;C:\Users\sebastian\.m2\repository\org\lwjgl\lwjgl-assimp\3.2.3\lwjgl-assimp-3.2.3-natives-windows.jar;C:\Users\sebastian\.m2\repository\org\lwjgl\lwjgl-bgfx\3.2.3\lwjgl-bgfx-3.2.3-natives-windows.jar;C:\Users\sebastian\.m2\repository\org\lwjgl\lwjgl-glfw\3.2.3\lwjgl-glfw-3.2.3-natives-windows.jar;C:\Users\sebastian\.m2\repository\org\lwjgl\lwjgl-jemalloc\3.2.3\lwjgl-jemalloc-3.2.3-natives-windows.jar;C:\Users\sebastian\.m2\repository\org\lwjgl\lwjgl-libdivide\3.2.3\lwjgl-libdivide-3.2.3-natives-windows.jar;C:\Users\sebastian\.m2\repository\org\lwjgl\lwjgl-llvm\3.2.3\lwjgl-llvm-3.2.3-natives-windows.jar;C:\Users\sebastian\.m2\repository\org\lwjgl\lwjgl-lmdb\3.2.3\lwjgl-lmdb-3.2.3-natives-windows.jar;C:\Users\sebastian\.m2\repository\org\lwjgl\lwjgl-lz4\3.2.3\lwjgl-lz4-3.2.3-natives-windows.jar;C:\Users\sebastian\.m2\repository\org\lwjgl\lwjgl-meow\3.2.3\lwjgl-meow-3.2.3-natives-windows.jar;C:\Users\sebastian\.m2\repository\org\lwjgl\lwjgl-nanovg\3.2.3\lwjgl-nanovg-3.2.3-natives-windows.jar;C:\Users\sebastian\.m2\repository\org\lwjgl\lwjgl-nfd\3.2.3\lwjgl-nfd-3.2.3-natives-windows.jar;C:\Users\sebastian\.m2\repository\org\lwjgl\lwjgl-nuklear\3.2.3\lwjgl-nuklear-3.2.3-natives-windows.jar;C:\Users\sebastian\.m2\repository\org\lwjgl\lwjgl-openal\3.2.3\lwjgl-openal-3.2.3-natives-windows.jar;C:\Users\sebastian\.m2\repository\org\lwjgl\lwjgl-opengl\3.2.3\lwjgl-opengl-3.2.3-natives-windows.jar;C:\Users\sebastian\.m2\repository\org\lwjgl\lwjgl-opengles\3.2.3\lwjgl-opengles-3.2.3-natives-windows.jar;C:\Users\sebastian\.m2\repository\org\lwjgl\lwjgl-openvr\3.2.3\lwjgl-openvr-3.2.3-natives-windows.jar;C:\Users\sebastian\.m2\repository\org\lwjgl\lwjgl-opus\3.2.3\lwjgl-opus-3.2.3-natives-windows.jar;C:\Users\sebastian\.m2\repository\org\lwjgl\lwjgl-ovr\3.2.3\lwjgl-ovr-3.2.3-natives-windows.jar;C:\Users\sebastian\.m2\repository\org\lwjgl\lwjgl-par\3.2.3\lwjgl-par-3.2.3-natives-windows.jar;C:\Users\sebastian\.m2\repository\org\lwjgl\lwjgl-remotery\3.2.3\lwjgl-remotery-3.2.3-natives-windows.jar;C:\Users\sebastian\.m2\repository\org\lwjgl\lwjgl-rpmalloc\3.2.3\lwjgl-rpmalloc-3.2.3-natives-windows.jar;C:\Users\sebastian\.m2\repository\org\lwjgl\lwjgl-shaderc\3.2.3\lwjgl-shaderc-3.2.3-natives-windows.jar;C:\Users\sebastian\.m2\repository\org\lwjgl\lwjgl-sse\3.2.3\lwjgl-sse-3.2.3-natives-windows.jar;C:\Users\sebastian\.m2\repository\org\lwjgl\lwjgl-stb\3.2.3\lwjgl-stb-3.2.3-natives-windows.jar;C:\Users\sebastian\.m2\repository\org\lwjgl\lwjgl-tinyexr\3.2.3\lwjgl-tinyexr-3.2.3-natives-windows.jar;C:\Users\sebastian\.m2\repository\org\lwjgl\lwjgl-tinyfd\3.2.3\lwjgl-tinyfd-3.2.3-natives-windows.jar;C:\Users\sebastian\.m2\repository\org\lwjgl\lwjgl-tootle\3.2.3\lwjgl-tootle-3.2.3-natives-windows.jar;C:\Users\sebastian\.m2\repository\org\lwjgl\lwjgl-vma\3.2.3\lwjgl-vma-3.2.3-natives-windows.jar;C:\Users\sebastian\.m2\repository\org\lwjgl\lwjgl-xxhash\3.2.3\lwjgl-xxhash-3.2.3-natives-windows.jar;C:\Users\sebastian\.m2\repository\org\lwjgl\lwjgl-yoga\3.2.3\lwjgl-yoga-3.2.3-natives-windows.jar;C:\Users\sebastian\.m2\repository\org\lwjgl\lwjgl-zstd\3.2.3\lwjgl-zstd-3.2.3-natives-windows.jar;"/>
    <property name="java.vm.vendor" value="Oracle Corporation"/>
    <property name="sun.arch.data.model" value="64"/>
    <property name="user.variant" value=""/>
    <property name="java.vendor.url" value="https://java.oracle.com/"/>
    <property name="user.timezone" value="Africa/Johannesburg"/>
    <property name="os.name" value="Windows 10"/>
    <property name="java.vm.specification.version" value="14"/>
    <property name="sun.java.launcher" value="SUN_STANDARD"/>
    <property name="user.country" value="ZA"/>
    <property name="sun.boot.library.path" value="C:\Program Files\Java\jdk-14.0.2\bin"/>
    <property name="sun.java.command" value="C:\Users\SEBAST~1\AppData\Local\Temp\surefire11270121584840212595\surefirebooter10004095269426309011.jar C:\Users\sebastian\AppData\Local\Temp\surefire11270121584840212595 2020-08-09T11-01-41_046-jvmRun1 surefire10803441140420070313tmp surefire_011886843027378900169tmp"/>
    <property name="jdk.debug" value="release"/>
    <property name="surefire.test.class.path" value="C:\Users\sebastian\Desktop\programming\Java\My_RayCaster\target\test-classes;C:\Users\sebastian\Desktop\programming\Java\My_RayCaster\target\classes;C:\Users\sebastian\.m2\repository\junit\junit\4.11\junit-4.11.jar;C:\Users\sebastian\.m2\repository\org\hamcrest\hamcrest-core\1.3\hamcrest-core-1.3.jar;C:\Users\sebastian\.m2\repository\org\lwjgl\lwjgl\3.2.3\lwjgl-3.2.3.jar;C:\Users\sebastian\.m2\repository\org\lwjgl\lwjgl-assimp\3.2.3\lwjgl-assimp-3.2.3.jar;C:\Users\sebastian\.m2\repository\org\lwjgl\lwjgl-bgfx\3.2.3\lwjgl-bgfx-3.2.3.jar;C:\Users\sebastian\.m2\repository\org\lwjgl\lwjgl-cuda\3.2.3\lwjgl-cuda-3.2.3.jar;C:\Users\sebastian\.m2\repository\org\lwjgl\lwjgl-egl\3.2.3\lwjgl-egl-3.2.3.jar;C:\Users\sebastian\.m2\repository\org\lwjgl\lwjgl-glfw\3.2.3\lwjgl-glfw-3.2.3.jar;C:\Users\sebastian\.m2\repository\org\lwjgl\lwjgl-jawt\3.2.3\lwjgl-jawt-3.2.3.jar;C:\Users\sebastian\.m2\repository\org\lwjgl\lwjgl-jemalloc\3.2.3\lwjgl-jemalloc-3.2.3.jar;C:\Users\sebastian\.m2\repository\org\lwjgl\lwjgl-libdivide\3.2.3\lwjgl-libdivide-3.2.3.jar;C:\Users\sebastian\.m2\repository\org\lwjgl\lwjgl-llvm\3.2.3\lwjgl-llvm-3.2.3.jar;C:\Users\sebastian\.m2\repository\org\lwjgl\lwjgl-lmdb\3.2.3\lwjgl-lmdb-3.2.3.jar;C:\Users\sebastian\.m2\repository\org\lwjgl\lwjgl-lz4\3.2.3\lwjgl-lz4-3.2.3.jar;C:\Users\sebastian\.m2\repository\org\lwjgl\lwjgl-meow\3.2.3\lwjgl-meow-3.2.3.jar;C:\Users\sebastian\.m2\repository\org\lwjgl\lwjgl-nanovg\3.2.3\lwjgl-nanovg-3.2.3.jar;C:\Users\sebastian\.m2\repository\org\lwjgl\lwjgl-nfd\3.2.3\lwjgl-nfd-3.2.3.jar;C:\Users\sebastian\.m2\repository\org\lwjgl\lwjgl-nuklear\3.2.3\lwjgl-nuklear-3.2.3.jar;C:\Users\sebastian\.m2\repository\org\lwjgl\lwjgl-odbc\3.2.3\lwjgl-odbc-3.2.3.jar;C:\Users\sebastian\.m2\repository\org\lwjgl\lwjgl-openal\3.2.3\lwjgl-openal-3.2.3.jar;C:\Users\sebastian\.m2\repository\org\lwjgl\lwjgl-opencl\3.2.3\lwjgl-opencl-3.2.3.jar;C:\Users\sebastian\.m2\repository\org\lwjgl\lwjgl-opengl\3.2.3\lwjgl-opengl-3.2.3.jar;C:\Users\sebastian\.m2\repository\org\lwjgl\lwjgl-opengles\3.2.3\lwjgl-opengles-3.2.3.jar;C:\Users\sebastian\.m2\repository\org\lwjgl\lwjgl-openvr\3.2.3\lwjgl-openvr-3.2.3.jar;C:\Users\sebastian\.m2\repository\org\lwjgl\lwjgl-opus\3.2.3\lwjgl-opus-3.2.3.jar;C:\Users\sebastian\.m2\repository\org\lwjgl\lwjgl-ovr\3.2.3\lwjgl-ovr-3.2.3.jar;C:\Users\sebastian\.m2\repository\org\lwjgl\lwjgl-par\3.2.3\lwjgl-par-3.2.3.jar;C:\Users\sebastian\.m2\repository\org\lwjgl\lwjgl-remotery\3.2.3\lwjgl-remotery-3.2.3.jar;C:\Users\sebastian\.m2\repository\org\lwjgl\lwjgl-rpmalloc\3.2.3\lwjgl-rpmalloc-3.2.3.jar;C:\Users\sebastian\.m2\repository\org\lwjgl\lwjgl-shaderc\3.2.3\lwjgl-shaderc-3.2.3.jar;C:\Users\sebastian\.m2\repository\org\lwjgl\lwjgl-sse\3.2.3\lwjgl-sse-3.2.3.jar;C:\Users\sebastian\.m2\repository\org\lwjgl\lwjgl-stb\3.2.3\lwjgl-stb-3.2.3.jar;C:\Users\sebastian\.m2\repository\org\lwjgl\lwjgl-tinyexr\3.2.3\lwjgl-tinyexr-3.2.3.jar;C:\Users\sebastian\.m2\repository\org\lwjgl\lwjgl-tinyfd\3.2.3\lwjgl-tinyfd-3.2.3.jar;C:\Users\sebastian\.m2\repository\org\lwjgl\lwjgl-tootle\3.2.3\lwjgl-tootle-3.2.3.jar;C:\Users\sebastian\.m2\repository\org\lwjgl\lwjgl-vma\3.2.3\lwjgl-vma-3.2.3.jar;C:\Users\sebastian\.m2\repository\org\lwjgl\lwjgl-vulkan\3.2.3\lwjgl-vulkan-3.2.3.jar;C:\Users\sebastian\.m2\repository\org\lwjgl\lwjgl-xxhash\3.2.3\lwjgl-xxhash-3.2.3.jar;C:\Users\sebastian\.m2\repository\org\lwjgl\lwjgl-yoga\3.2.3\lwjgl-yoga-3.2.3.jar;C:\Users\sebastian\.m2\repository\org\lwjgl\lwjgl-zstd\3.2.3\lwjgl-zstd-3.2.3.jar;C:\Users\sebastian\.m2\repository\org\lwjgl\lwjgl\3.2.3\lwjgl-3.2.3-natives-windows.jar;C:\Users\sebastian\.m2\repository\org\lwjgl\lwjgl-assimp\3.2.3\lwjgl-assimp-3.2.3-natives-windows.jar;C:\Users\sebastian\.m2\repository\org\lwjgl\lwjgl-bgfx\3.2.3\lwjgl-bgfx-3.2.3-natives-windows.jar;C:\Users\sebastian\.m2\repository\org\lwjgl\lwjgl-glfw\3.2.3\lwjgl-glfw-3.2.3-natives-windows.jar;C:\Users\sebastian\.m2\repository\org\lwjgl\lwjgl-jemalloc\3.2.3\lwjgl-jemalloc-3.2.3-natives-windows.jar;C:\Users\sebastian\.m2\repository\org\lwjgl\lwjgl-libdivide\3.2.3\lwjgl-libdivide-3.2.3-natives-windows.jar;C:\Users\sebastian\.m2\repository\org\lwjgl\lwjgl-llvm\3.2.3\lwjgl-llvm-3.2.3-natives-windows.jar;C:\Users\sebastian\.m2\repository\org\lwjgl\lwjgl-lmdb\3.2.3\lwjgl-lmdb-3.2.3-natives-windows.jar;C:\Users\sebastian\.m2\repository\org\lwjgl\lwjgl-lz4\3.2.3\lwjgl-lz4-3.2.3-natives-windows.jar;C:\Users\sebastian\.m2\repository\org\lwjgl\lwjgl-meow\3.2.3\lwjgl-meow-3.2.3-natives-windows.jar;C:\Users\sebastian\.m2\repository\org\lwjgl\lwjgl-nanovg\3.2.3\lwjgl-nanovg-3.2.3-natives-windows.jar;C:\Users\sebastian\.m2\repository\org\lwjgl\lwjgl-nfd\3.2.3\lwjgl-nfd-3.2.3-natives-windows.jar;C:\Users\sebastian\.m2\repository\org\lwjgl\lwjgl-nuklear\3.2.3\lwjgl-nuklear-3.2.3-natives-windows.jar;C:\Users\sebastian\.m2\repository\org\lwjgl\lwjgl-openal\3.2.3\lwjgl-openal-3.2.3-natives-windows.jar;C:\Users\sebastian\.m2\repository\org\lwjgl\lwjgl-opengl\3.2.3\lwjgl-opengl-3.2.3-natives-windows.jar;C:\Users\sebastian\.m2\repository\org\lwjgl\lwjgl-opengles\3.2.3\lwjgl-opengles-3.2.3-natives-windows.jar;C:\Users\sebastian\.m2\repository\org\lwjgl\lwjgl-openvr\3.2.3\lwjgl-openvr-3.2.3-natives-windows.jar;C:\Users\sebastian\.m2\repository\org\lwjgl\lwjgl-opus\3.2.3\lwjgl-opus-3.2.3-natives-windows.jar;C:\Users\sebastian\.m2\repository\org\lwjgl\lwjgl-ovr\3.2.3\lwjgl-ovr-3.2.3-natives-windows.jar;C:\Users\sebastian\.m2\repository\org\lwjgl\lwjgl-par\3.2.3\lwjgl-par-3.2.3-natives-windows.jar;C:\Users\sebastian\.m2\repository\org\lwjgl\lwjgl-remotery\3.2.3\lwjgl-remotery-3.2.3-natives-windows.jar;C:\Users\sebastian\.m2\repository\org\lwjgl\lwjgl-rpmalloc\3.2.3\lwjgl-rpmalloc-3.2.3-natives-windows.jar;C:\Users\sebastian\.m2\repository\org\lwjgl\lwjgl-shaderc\3.2.3\lwjgl-shaderc-3.2.3-natives-windows.jar;C:\Users\sebastian\.m2\repository\org\lwjgl\lwjgl-sse\3.2.3\lwjgl-sse-3.2.3-natives-windows.jar;C:\Users\sebastian\.m2\repository\org\lwjgl\lwjgl-stb\3.2.3\lwjgl-stb-3.2.3-natives-windows.jar;C:\Users\sebastian\.m2\repository\org\lwjgl\lwjgl-tinyexr\3.2.3\lwjgl-tinyexr-3.2.3-natives-windows.jar;C:\Users\sebastian\.m2\repository\org\lwjgl\lwjgl-tinyfd\3.2.3\lwjgl-tinyfd-3.2.3-natives-windows.jar;C:\Users\sebastian\.m2\repository\org\lwjgl\lwjgl-tootle\3.2.3\lwjgl-tootle-3.2.3-natives-windows.jar;C:\Users\sebastian\.m2\repository\org\lwjgl\lwjgl-vma\3.2.3\lwjgl-vma-3.2.3-natives-windows.jar;C:\Users\sebastian\.m2\repository\org\lwjgl\lwjgl-xxhash\3.2.3\lwjgl-xxhash-3.2.3-natives-windows.jar;C:\Users\sebastian\.m2\repository\org\lwjgl\lwjgl-yoga\3.2.3\lwjgl-yoga-3.2.3-natives-windows.jar;C:\Users\sebastian\.m2\repository\org\lwjgl\lwjgl-zstd\3.2.3\lwjgl-zstd-3.2.3-natives-windows.jar;"/>
    <property name="sun.cpu.endian" value="little"/>
    <property name="user.home" value="C:\Users\sebastian"/>
    <property name="user.language" value="en"/>
    <property name="java.specification.vendor" value="Oracle Corporation"/>
    <property name="java.version.date" value="2020-07-14"/>
    <property name="java.home" value="C:\Program Files\Java\jdk-14.0.2"/>
    <property name="file.separator" value="\"/>
    <property name="basedir" value="C:\Users\sebastian\Desktop\programming\Java\My_RayCaster"/>
    <property name="java.vm.compressedOopsMode" value="Zero based"/>
    <property name="line.separator" value="&#10;"/>
    <property name="java.vm.specification.vendor" value="Oracle Corporation"/>
    <property name="java.specification.name" value="Java Platform API Specification"/>
    <property name="surefire.real.class.path" value="C:\Users\SEBAST~1\AppData\Local\Temp\surefire11270121584840212595\surefirebooter10004095269426309011.jar"/>
    <property name="user.script" value=""/>
    <property name="sun.management.compiler" value="HotSpot 64-Bit Tiered Compilers"/>
    <property name="java.runtime.version" value="14.0.2+12-46"/>
    <property name="user.name" value="sebastian"/>
    <property name="path.separator" value=";"/>
    <property name="os.version" value="10.0"/>
    <property name="java.runtime.name" value="Java(TM) SE Runtime Environment"/>
    <property name="file.encoding" value="Cp1252"/>
    <property name="java.vm.name" value="Java HotSpot(TM) 64-Bit Server VM"/>
    <property name="localRepository" value="C:\Users\sebastian\.m2\repository"/>
    <property name="java.vendor.url.bug" value="https://bugreport.java.com/bugreport/"/>
    <property name="java.io.tmpdir" value="C:\Users\SEBAST~1\AppData\Local\Temp\"/>
    <property name="java.version" value="14.0.2"/>
    <property name="user.dir" value="C:\Users\sebastian\Desktop\programming\Java\My_RayCaster"/>
    <property name="os.arch" value="amd64"/>
    <property name="java.vm.specification.name" value="Java Virtual Machine Specification"/>
    <property name="sun.os.patch.level" value=""/>
    <property name="java.library.path" value="C:\Program Files\Java\jdk-14.0.2\bin;C:\Windows\Sun\Java\bin;C:\Windows\system32;C:\Windows;C:\Python38\Scripts\;C:\Python38\;C:\Windows\system32;C:\Windows;C:\Windows\System32\Wbem;C:\Windows\System32\WindowsPowerShell\v1.0\;C:\Windows\System32\OpenSSH\;C:\Program Files\dotnet\;C:\Program Files\nodejs\;C:\ProgramData\chocolatey\bin;C:\Program Files\AdoptOpenJDK\jdk8u192-b12\bin;C:\Program Files\Java\jdk1.8.0_211\bin;C:\Android\android-sdk\tools;C:\Android\android-sdk\platform-tools;C:\Android\android-sdk\tools\bin;C:\Program Files\PuTTY\;C:\Program Files\apache-maven-3.6.3\bin;C:\Program Files\Git\cmd;C:\Users\sebastian\AppData\Local\Microsoft\WindowsApps;C:\Users\sebastian\AppData\Local\Programs\Microsoft VS Code\bin;C:\Users\sebastian\.dotnet\tools;C:\MinGW\bin;C:\Users\sebastian\AppData\Roaming\npm;C:\Users\sebastian\AppData\Local\GitHubDesktop\bin;."/>
    <property name="java.vm.info" value="mixed mode, sharing"/>
    <property name="java.vendor" value="Oracle Corporation"/>
    <property name="java.vm.version" value="14.0.2+12-46"/>
    <property name="sun.io.unicode.encoding" value="UnicodeLittle"/>
    <property name="java.class.version" value="58.0"/>
  </properties>
  <testcase name="shouldAnswerWithTrue" classname="com.RayCaster.src.AppTest" time="0.002"/>
</testsuite>